<?xml version="1.0" encoding="utf-8"?><testsuites name="pytest tests"><testsuite name="pytest" errors="0" failures="0" skipped="0" tests="17" time="1.460" timestamp="2026-06-21T15:25:41.968872+00:00" hostname="c94e8c1ffd8a"><testcase classname="tests.test_compile_and_runtime_20260621" name="test_all_python_files_parse" time="0.725" /><testcase classname="tests.test_compile_and_runtime_20260621" name="test_packaged_databases_integrity" time="0.012" /><testcase classname="tests.test_compile_and_runtime_20260621" name="test_main_entry_exists_and_targets_app_py" time="0.001" /><testcase classname="tests.test_history_quality_mobile_20260621" name="test_all_nine_tables_and_common_contract" time="0.008" /><testcase classname="tests.test_history_quality_mobile_20260621" name="test_good_bundle_is_bounded_and_nonblocking" time="0.011" /><testcase classname="tests.test_history_quality_mobile_20260621" name="test_duplicate_timestamp_blocks" time="0.007" /><testcase classname="tests.test_history_quality_mobile_20260621" name="test_protected_decision_count_blocks" time="0.002" /><testcase classname="tests.test_history_quality_mobile_20260621" name="test_quality_insert_is_idempotent" time="0.032" /><testcase classname="tests.test_history_quality_mobile_20260621" name="test_snapshot_and_quality_are_one_transaction" time="0.025" /><testcase classname="tests.test_history_quality_mobile_20260621" name="test_snapshot_idempotency_and_checksum_conflict" time="0.006" /><testcase classname="tests.test_history_quality_mobile_20260621" name="test_critical_history_error_rolls_back_snapshot" time="0.014" /><testcase classname="tests.test_history_quality_mobile_20260621" name="test_payload_size_is_bounded" time="0.011" /><testcase classname="tests.test_history_quality_mobile_20260621" name="test_closed_lunch_fields_execute_no_renderer" time="0.504" /><testcase classname="tests.test_history_quality_mobile_20260621" name="test_field1_has_only_two_required_history_headings" time="0.001" /><testcase classname="tests.test_history_quality_mobile_20260621" name="test_lunch_renderer_has_no_calculation_import" time="0.000" /><testcase classname="tests.test_history_quality_mobile_20260621" name="test_orchestrator_has_one_canonical_publication_call" time="0.001" /><testcase classname="tests.test_history_quality_mobile_20260621" name="test_migration_is_idempotent" time="0.005" /></testsuite></testsuites>